C:\USERS\NMEHER\ONEDRIVE - DXC PRODUCTION\DOCUMENTS\GIT_WORKSPACE\C_PLUS_PLUS_PROJECT\ENDING FIX\FIXING2\RELEASE\FIXING2.PCH
C:\USERS\NMEHER\ONEDRIVE - DXC PRODUCTION\DOCUMENTS\GIT_WORKSPACE\C_PLUS_PLUS_PROJECT\ENDING FIX\FIXING2\RELEASE\STDAFX.OBJ
C:\USERS\NMEHER\ONEDRIVE - DXC PRODUCTION\DOCUMENTS\GIT_WORKSPACE\C_PLUS_PLUS_PROJECT\ENDING FIX\FIXING2\RELEASE\VC110.PDB
C:\USERS\NMEHER\ONEDRIVE - DXC PRODUCTION\DOCUMENTS\GIT_WORKSPACE\C_PLUS_PLUS_PROJECT\ENDING FIX\FIXING2\RELEASE\FIXING2.OBJ
C:\USERS\NMEHER\ONEDRIVE - DXC PRODUCTION\DOCUMENTS\GIT_WORKSPACE\C_PLUS_PLUS_PROJECT\ENDING FIX\FIXING2\RELEASE\FIXING2.EXE
C:\USERS\NMEHER\ONEDRIVE - DXC PRODUCTION\DOCUMENTS\GIT_WORKSPACE\C_PLUS_PLUS_PROJECT\ENDING FIX\FIXING2\RELEASE\FIXING2.PDB
C:\Users\nmeher\OneDrive - DXC Production\Documents\git_workspace\c_plus_plus_project\Ending Fix\Fixing2\Release\Fixing2.obj
C:\Users\nmeher\OneDrive - DXC Production\Documents\git_workspace\c_plus_plus_project\Ending Fix\Fixing2\Release\stdafx.obj
C:\Users\nmeher\OneDrive - DXC Production\Documents\git_workspace\c_plus_plus_project\Ending Fix\Fixing2\Release\cl.command.1.tlog
C:\Users\nmeher\OneDrive - DXC Production\Documents\git_workspace\c_plus_plus_project\Ending Fix\Fixing2\Release\CL.read.1.tlog
C:\Users\nmeher\OneDrive - DXC Production\Documents\git_workspace\c_plus_plus_project\Ending Fix\Fixing2\Release\CL.read.2.tlog
C:\Users\nmeher\OneDrive - DXC Production\Documents\git_workspace\c_plus_plus_project\Ending Fix\Fixing2\Release\CL.write.1.tlog
C:\Users\nmeher\OneDrive - DXC Production\Documents\git_workspace\c_plus_plus_project\Ending Fix\Fixing2\Release\link-cvtres.read.1.tlog
C:\Users\nmeher\OneDrive - DXC Production\Documents\git_workspace\c_plus_plus_project\Ending Fix\Fixing2\Release\link-cvtres.write.1.tlog
C:\Users\nmeher\OneDrive - DXC Production\Documents\git_workspace\c_plus_plus_project\Ending Fix\Fixing2\Release\link-rc.read.1.tlog
C:\Users\nmeher\OneDrive - DXC Production\Documents\git_workspace\c_plus_plus_project\Ending Fix\Fixing2\Release\link-rc.write.1.tlog
C:\Users\nmeher\OneDrive - DXC Production\Documents\git_workspace\c_plus_plus_project\Ending Fix\Fixing2\Release\link.command.1.tlog
C:\Users\nmeher\OneDrive - DXC Production\Documents\git_workspace\c_plus_plus_project\Ending Fix\Fixing2\Release\link.read.1.tlog
C:\Users\nmeher\OneDrive - DXC Production\Documents\git_workspace\c_plus_plus_project\Ending Fix\Fixing2\Release\link.write.1.tlog
C:\Users\nmeher\OneDrive - DXC Production\Documents\git_workspace\c_plus_plus_project\Ending Fix\Fixing2\Release\Fixing2.pch
C:\Users\nmeher\OneDrive - DXC Production\Documents\git_workspace\c_plus_plus_project\Ending Fix\Fixing2\Release\Fixing2.pdb
C:\Users\nmeher\OneDrive - DXC Production\Documents\git_workspace\c_plus_plus_project\Ending Fix\Fixing2\Release\vc110.pdb
C:\Users\nmeher\OneDrive - DXC Production\Documents\git_workspace\c_plus_plus_project\Ending Fix\Fixing2\Release\Fixing2.exe
