C:\USERS\NMEHER\ONEDRIVE - DXC PRODUCTION\DOCUMENTS\GIT_WORKSPACE\C_PLUS_PLUS_PROJECT\ENDING FIX\FIXING2\DEBUG\FIXING2.PCH
C:\USERS\NMEHER\ONEDRIVE - DXC PRODUCTION\DOCUMENTS\GIT_WORKSPACE\C_PLUS_PLUS_PROJECT\ENDING FIX\FIXING2\DEBUG\STDAFX.OBJ
C:\USERS\NMEHER\ONEDRIVE - DXC PRODUCTION\DOCUMENTS\GIT_WORKSPACE\C_PLUS_PLUS_PROJECT\ENDING FIX\FIXING2\DEBUG\VC110.PDB
C:\USERS\NMEHER\ONEDRIVE - DXC PRODUCTION\DOCUMENTS\GIT_WORKSPACE\C_PLUS_PLUS_PROJECT\ENDING FIX\FIXING2\DEBUG\FIXING2.OBJ
C:\USERS\NMEHER\ONEDRIVE - DXC PRODUCTION\DOCUMENTS\GIT_WORKSPACE\C_PLUS_PLUS_PROJECT\ENDING FIX\FIXING2\DEBUG\FIXING2.ILK
C:\USERS\NMEHER\ONEDRIVE - DXC PRODUCTION\DOCUMENTS\GIT_WORKSPACE\C_PLUS_PLUS_PROJECT\ENDING FIX\FIXING2\DEBUG\FIXING2.EXE
C:\USERS\NMEHER\ONEDRIVE - DXC PRODUCTION\DOCUMENTS\GIT_WORKSPACE\C_PLUS_PLUS_PROJECT\ENDING FIX\FIXING2\DEBUG\FIXING2.PDB
C:\Users\nmeher\OneDrive - DXC Production\Documents\git_workspace\c_plus_plus_project\Ending Fix\Fixing2\Debug\Fixing2.obj
C:\Users\nmeher\OneDrive - DXC Production\Documents\git_workspace\c_plus_plus_project\Ending Fix\Fixing2\Debug\stdafx.obj
C:\Users\nmeher\OneDrive - DXC Production\Documents\git_workspace\c_plus_plus_project\Ending Fix\Fixing2\Debug\Fixing2.ilk
C:\Users\nmeher\OneDrive - DXC Production\Documents\git_workspace\c_plus_plus_project\Ending Fix\Fixing2\Debug\cl.command.1.tlog
C:\Users\nmeher\OneDrive - DXC Production\Documents\git_workspace\c_plus_plus_project\Ending Fix\Fixing2\Debug\CL.read.1.tlog
C:\Users\nmeher\OneDrive - DXC Production\Documents\git_workspace\c_plus_plus_project\Ending Fix\Fixing2\Debug\CL.read.2.tlog
C:\Users\nmeher\OneDrive - DXC Production\Documents\git_workspace\c_plus_plus_project\Ending Fix\Fixing2\Debug\CL.write.1.tlog
C:\Users\nmeher\OneDrive - DXC Production\Documents\git_workspace\c_plus_plus_project\Ending Fix\Fixing2\Debug\link-cvtres.read.1.tlog
C:\Users\nmeher\OneDrive - DXC Production\Documents\git_workspace\c_plus_plus_project\Ending Fix\Fixing2\Debug\link-cvtres.write.1.tlog
C:\Users\nmeher\OneDrive - DXC Production\Documents\git_workspace\c_plus_plus_project\Ending Fix\Fixing2\Debug\link-rc.read.1.tlog
C:\Users\nmeher\OneDrive - DXC Production\Documents\git_workspace\c_plus_plus_project\Ending Fix\Fixing2\Debug\link-rc.write.1.tlog
C:\Users\nmeher\OneDrive - DXC Production\Documents\git_workspace\c_plus_plus_project\Ending Fix\Fixing2\Debug\link.command.1.tlog
C:\Users\nmeher\OneDrive - DXC Production\Documents\git_workspace\c_plus_plus_project\Ending Fix\Fixing2\Debug\link.read.1.tlog
C:\Users\nmeher\OneDrive - DXC Production\Documents\git_workspace\c_plus_plus_project\Ending Fix\Fixing2\Debug\link.write.1.tlog
C:\Users\nmeher\OneDrive - DXC Production\Documents\git_workspace\c_plus_plus_project\Ending Fix\Fixing2\Debug\Fixing2.pch
C:\Users\nmeher\OneDrive - DXC Production\Documents\git_workspace\c_plus_plus_project\Ending Fix\Fixing2\Debug\vc110.idb
C:\Users\nmeher\OneDrive - DXC Production\Documents\git_workspace\c_plus_plus_project\Ending Fix\Fixing2\Debug\Fixing2.pdb
C:\Users\nmeher\OneDrive - DXC Production\Documents\git_workspace\c_plus_plus_project\Ending Fix\Fixing2\Debug\vc110.pdb
C:\Users\nmeher\OneDrive - DXC Production\Documents\git_workspace\c_plus_plus_project\Ending Fix\Fixing2\Debug\Fixing2.exe
