C:\USERS\NMEHER\ONEDRIVE - DXC PRODUCTION\DOCUMENTS\GIT_WORKSPACE\C_PLUS_PLUS_PROJECT\ENDING FIX\FIXING3\FIXING3\DEBUG\FIXING3.PCH
C:\USERS\NMEHER\ONEDRIVE - DXC PRODUCTION\DOCUMENTS\GIT_WORKSPACE\C_PLUS_PLUS_PROJECT\ENDING FIX\FIXING3\FIXING3\DEBUG\STDAFX.OBJ
C:\USERS\NMEHER\ONEDRIVE - DXC PRODUCTION\DOCUMENTS\GIT_WORKSPACE\C_PLUS_PLUS_PROJECT\ENDING FIX\FIXING3\FIXING3\DEBUG\VC110.PDB
C:\USERS\NMEHER\ONEDRIVE - DXC PRODUCTION\DOCUMENTS\GIT_WORKSPACE\C_PLUS_PLUS_PROJECT\ENDING FIX\FIXING3\FIXING3\DEBUG\FIXING3.OBJ
C:\USERS\NMEHER\ONEDRIVE - DXC PRODUCTION\DOCUMENTS\GIT_WORKSPACE\C_PLUS_PLUS_PROJECT\ENDING FIX\FIXING3\FIXING3\DEBUG\FIXING3.ILK
C:\USERS\NMEHER\ONEDRIVE - DXC PRODUCTION\DOCUMENTS\GIT_WORKSPACE\C_PLUS_PLUS_PROJECT\ENDING FIX\FIXING3\FIXING3\DEBUG\FIXING3.EXE
C:\USERS\NMEHER\ONEDRIVE - DXC PRODUCTION\DOCUMENTS\GIT_WORKSPACE\C_PLUS_PLUS_PROJECT\ENDING FIX\FIXING3\FIXING3\DEBUG\FIXING3.PDB
C:\Users\nmeher\OneDrive - DXC Production\Documents\git_workspace\c_plus_plus_project\Ending Fix\Fixing3\Fixing3\Debug\Fixing3.obj
C:\Users\nmeher\OneDrive - DXC Production\Documents\git_workspace\c_plus_plus_project\Ending Fix\Fixing3\Fixing3\Debug\stdafx.obj
C:\Users\nmeher\OneDrive - DXC Production\Documents\git_workspace\c_plus_plus_project\Ending Fix\Fixing3\Fixing3\Debug\Fixing3.ilk
C:\Users\nmeher\OneDrive - DXC Production\Documents\git_workspace\c_plus_plus_project\Ending Fix\Fixing3\Fixing3\Debug\cl.command.1.tlog
C:\Users\nmeher\OneDrive - DXC Production\Documents\git_workspace\c_plus_plus_project\Ending Fix\Fixing3\Fixing3\Debug\CL.read.1.tlog
C:\Users\nmeher\OneDrive - DXC Production\Documents\git_workspace\c_plus_plus_project\Ending Fix\Fixing3\Fixing3\Debug\CL.read.2.tlog
C:\Users\nmeher\OneDrive - DXC Production\Documents\git_workspace\c_plus_plus_project\Ending Fix\Fixing3\Fixing3\Debug\CL.read.6.tlog
C:\Users\nmeher\OneDrive - DXC Production\Documents\git_workspace\c_plus_plus_project\Ending Fix\Fixing3\Fixing3\Debug\CL.write.1.tlog
C:\Users\nmeher\OneDrive - DXC Production\Documents\git_workspace\c_plus_plus_project\Ending Fix\Fixing3\Fixing3\Debug\link-cvtres.read.1.tlog
C:\Users\nmeher\OneDrive - DXC Production\Documents\git_workspace\c_plus_plus_project\Ending Fix\Fixing3\Fixing3\Debug\link-cvtres.write.1.tlog
C:\Users\nmeher\OneDrive - DXC Production\Documents\git_workspace\c_plus_plus_project\Ending Fix\Fixing3\Fixing3\Debug\link-rc.read.1.tlog
C:\Users\nmeher\OneDrive - DXC Production\Documents\git_workspace\c_plus_plus_project\Ending Fix\Fixing3\Fixing3\Debug\link-rc.write.1.tlog
C:\Users\nmeher\OneDrive - DXC Production\Documents\git_workspace\c_plus_plus_project\Ending Fix\Fixing3\Fixing3\Debug\link.command.1.tlog
C:\Users\nmeher\OneDrive - DXC Production\Documents\git_workspace\c_plus_plus_project\Ending Fix\Fixing3\Fixing3\Debug\link.read.1.tlog
C:\Users\nmeher\OneDrive - DXC Production\Documents\git_workspace\c_plus_plus_project\Ending Fix\Fixing3\Fixing3\Debug\link.write.1.tlog
C:\Users\nmeher\OneDrive - DXC Production\Documents\git_workspace\c_plus_plus_project\Ending Fix\Fixing3\Fixing3\Debug\Fixing3.pch
C:\Users\nmeher\OneDrive - DXC Production\Documents\git_workspace\c_plus_plus_project\Ending Fix\Fixing3\Fixing3\Debug\vc110.idb
C:\Users\nmeher\OneDrive - DXC Production\Documents\git_workspace\c_plus_plus_project\Ending Fix\Fixing3\Fixing3\Debug\Fixing3.pdb
C:\Users\nmeher\OneDrive - DXC Production\Documents\git_workspace\c_plus_plus_project\Ending Fix\Fixing3\Fixing3\Debug\vc110.pdb
C:\Users\nmeher\OneDrive - DXC Production\Documents\git_workspace\c_plus_plus_project\Ending Fix\Fixing3\Fixing3\Debug\Fixing3.exe
