Build started 2023/08/17 11:07:20.
     1>Project "C:\Users\nmeher\OneDrive - DXC Production\Documents\git_workspace\c_plus_plus_project\Project_v.2\ConsoleApplication1\ConsoleApplication1.vcxproj" on node 2 (Build target(s)).
     1>ClCompile:
         C:\Program Files (x86)\Microsoft Visual Studio 11.0\VC\bin\CL.exe /c /ZI /nologo /W3 /WX- /sdl /Od /Oy- /D WIN32 /D _DEBUG /D _CONSOLE /D _UNICODE /D UNICODE /Gm /EHsc /RTC1 /MDd /GS /fp:precise /Zc:wchar_t /Zc:forScope /Yu"stdafx.h" /Fp"Debug\ConsoleApplication1.pch" /Fo"Debug\\" /Fd"Debug\vc110.pdb" /Gd /TP /analyze- /errorReport:prompt ConsoleApplication1.cpp
         ConsoleApplication1.cpp
     1>c:\users\nmeher\onedrive - dxc production\documents\git_workspace\c_plus_plus_project\project_v.2\consoleapplication1\consoleapplication1.cpp(1): warning C4627: '#include <iostream>': skipped when looking for precompiled header use
                 Add directive to 'stdafx.h' or rebuild precompiled header
     1>c:\users\nmeher\onedrive - dxc production\documents\git_workspace\c_plus_plus_project\project_v.2\consoleapplication1\consoleapplication1.cpp(2): warning C4627: '#include <fstream>': skipped when looking for precompiled header use
                 Add directive to 'stdafx.h' or rebuild precompiled header
     1>c:\users\nmeher\onedrive - dxc production\documents\git_workspace\c_plus_plus_project\project_v.2\consoleapplication1\consoleapplication1.cpp(3): warning C4627: '#include <ctime>': skipped when looking for precompiled header use
                 Add directive to 'stdafx.h' or rebuild precompiled header
     1>c:\users\nmeher\onedrive - dxc production\documents\git_workspace\c_plus_plus_project\project_v.2\consoleapplication1\consoleapplication1.cpp(4): warning C4627: '#include <cstdlib>': skipped when looking for precompiled header use
                 Add directive to 'stdafx.h' or rebuild precompiled header
     1>c:\users\nmeher\onedrive - dxc production\documents\git_workspace\c_plus_plus_project\project_v.2\consoleapplication1\consoleapplication1.cpp(5): warning C4627: '#include <string>': skipped when looking for precompiled header use
                 Add directive to 'stdafx.h' or rebuild precompiled header
     1>c:\users\nmeher\onedrive - dxc production\documents\git_workspace\c_plus_plus_project\project_v.2\consoleapplication1\consoleapplication1.cpp(6): warning C4627: '#include <vector>': skipped when looking for precompiled header use
                 Add directive to 'stdafx.h' or rebuild precompiled header
     1>c:\users\nmeher\onedrive - dxc production\documents\git_workspace\c_plus_plus_project\project_v.2\consoleapplication1\consoleapplication1.cpp(7): warning C4627: '#include <cctype>': skipped when looking for precompiled header use
                 Add directive to 'stdafx.h' or rebuild precompiled header
     1>c:\users\nmeher\onedrive - dxc production\documents\git_workspace\c_plus_plus_project\project_v.2\consoleapplication1\consoleapplication1.cpp(8): warning C4627: '#include <iomanip>': skipped when looking for precompiled header use
                 Add directive to 'stdafx.h' or rebuild precompiled header
     1>c:\users\nmeher\onedrive - dxc production\documents\git_workspace\c_plus_plus_project\project_v.2\consoleapplication1\consoleapplication1.cpp(247): fatal error C1010: unexpected end of file while looking for precompiled header. Did you forget to add '#include "stdafx.h"' to your source?
     1>Done Building Project "C:\Users\nmeher\OneDrive - DXC Production\Documents\git_workspace\c_plus_plus_project\Project_v.2\ConsoleApplication1\ConsoleApplication1.vcxproj" (Build target(s)) -- FAILED.

Build FAILED.

Time Elapsed 00:00:00.32
