C:\USERS\NMEHER\ONEDRIVE - DXC PRODUCTION\DOCUMENTS\GIT_WORKSPACE\C_PLUS_PLUS_PROJECT\ENDING FIX\FIXING1\DEBUG\FIXING1.PCH
C:\USERS\NMEHER\ONEDRIVE - DXC PRODUCTION\DOCUMENTS\GIT_WORKSPACE\C_PLUS_PLUS_PROJECT\ENDING FIX\FIXING1\DEBUG\STDAFX.OBJ
C:\USERS\NMEHER\ONEDRIVE - DXC PRODUCTION\DOCUMENTS\GIT_WORKSPACE\C_PLUS_PLUS_PROJECT\ENDING FIX\FIXING1\DEBUG\VC110.PDB
C:\USERS\NMEHER\ONEDRIVE - DXC PRODUCTION\DOCUMENTS\GIT_WORKSPACE\C_PLUS_PLUS_PROJECT\ENDING FIX\FIXING1\DEBUG\FIXING1.OBJ
C:\USERS\NMEHER\ONEDRIVE - DXC PRODUCTION\DOCUMENTS\GIT_WORKSPACE\C_PLUS_PLUS_PROJECT\ENDING FIX\FIXING1\DEBUG\FIXING1.ILK
C:\USERS\NMEHER\ONEDRIVE - DXC PRODUCTION\DOCUMENTS\GIT_WORKSPACE\C_PLUS_PLUS_PROJECT\ENDING FIX\FIXING1\DEBUG\FIXING1.EXE
C:\USERS\NMEHER\ONEDRIVE - DXC PRODUCTION\DOCUMENTS\GIT_WORKSPACE\C_PLUS_PLUS_PROJECT\ENDING FIX\FIXING1\DEBUG\FIXING1.PDB
C:\Users\nmeher\OneDrive - DXC Production\Documents\git_workspace\c_plus_plus_project\Ending Fix\Fixing1\Debug\Fixing1.obj
C:\Users\nmeher\OneDrive - DXC Production\Documents\git_workspace\c_plus_plus_project\Ending Fix\Fixing1\Debug\stdafx.obj
C:\Users\nmeher\OneDrive - DXC Production\Documents\git_workspace\c_plus_plus_project\Ending Fix\Fixing1\Debug\Fixing1.ilk
C:\Users\nmeher\OneDrive - DXC Production\Documents\git_workspace\c_plus_plus_project\Ending Fix\Fixing1\Debug\cl.command.1.tlog
C:\Users\nmeher\OneDrive - DXC Production\Documents\git_workspace\c_plus_plus_project\Ending Fix\Fixing1\Debug\CL.read.1.tlog
C:\Users\nmeher\OneDrive - DXC Production\Documents\git_workspace\c_plus_plus_project\Ending Fix\Fixing1\Debug\CL.read.2.tlog
C:\Users\nmeher\OneDrive - DXC Production\Documents\git_workspace\c_plus_plus_project\Ending Fix\Fixing1\Debug\CL.read.3.tlog
C:\Users\nmeher\OneDrive - DXC Production\Documents\git_workspace\c_plus_plus_project\Ending Fix\Fixing1\Debug\CL.write.1.tlog
C:\Users\nmeher\OneDrive - DXC Production\Documents\git_workspace\c_plus_plus_project\Ending Fix\Fixing1\Debug\link-cvtres.read.1.tlog
C:\Users\nmeher\OneDrive - DXC Production\Documents\git_workspace\c_plus_plus_project\Ending Fix\Fixing1\Debug\link-cvtres.write.1.tlog
C:\Users\nmeher\OneDrive - DXC Production\Documents\git_workspace\c_plus_plus_project\Ending Fix\Fixing1\Debug\link-rc.read.1.tlog
C:\Users\nmeher\OneDrive - DXC Production\Documents\git_workspace\c_plus_plus_project\Ending Fix\Fixing1\Debug\link-rc.write.1.tlog
C:\Users\nmeher\OneDrive - DXC Production\Documents\git_workspace\c_plus_plus_project\Ending Fix\Fixing1\Debug\link.command.1.tlog
C:\Users\nmeher\OneDrive - DXC Production\Documents\git_workspace\c_plus_plus_project\Ending Fix\Fixing1\Debug\link.read.1.tlog
C:\Users\nmeher\OneDrive - DXC Production\Documents\git_workspace\c_plus_plus_project\Ending Fix\Fixing1\Debug\link.write.1.tlog
C:\Users\nmeher\OneDrive - DXC Production\Documents\git_workspace\c_plus_plus_project\Ending Fix\Fixing1\Debug\Fixing1.pch
C:\Users\nmeher\OneDrive - DXC Production\Documents\git_workspace\c_plus_plus_project\Ending Fix\Fixing1\Debug\vc110.idb
C:\Users\nmeher\OneDrive - DXC Production\Documents\git_workspace\c_plus_plus_project\Ending Fix\Fixing1\Debug\Fixing1.pdb
C:\Users\nmeher\OneDrive - DXC Production\Documents\git_workspace\c_plus_plus_project\Ending Fix\Fixing1\Debug\vc110.pdb
C:\Users\nmeher\OneDrive - DXC Production\Documents\git_workspace\c_plus_plus_project\Ending Fix\Fixing1\Debug\Fixing1.exe
